[0526/203956.134:ERROR:process_reader_win.cc(151)] SuspendThread: Access is denied. (0x5)
[0526/203956.135:ERROR:exception_snapshot_win.cc(98)] thread ID 11432 not found in process
[0616/175704.911:ERROR:crash_report_database_win.cc(580)] CreateDirectory C:\Users\derek\AppData\Local\Temp\scoped_dir32688_18203\Crashpad: The system cannot find the path specified. (0x3)
[0616/180727.151:ERROR:prune_crash_reports.cc(34)] PruneCrashReportDatabase: Failed to get pending reports
[0616/181512.708:ERROR:prune_crash_reports.cc(34)] PruneCrashReportDatabase: Failed to get pending reports
[0616/182151.100:ERROR:prune_crash_reports.cc(34)] PruneCrashReportDatabase: Failed to get pending reports
[0616/183152.684:ERROR:prune_crash_reports.cc(34)] PruneCrashReportDatabase: Failed to get pending reports
[0616/183627.550:ERROR:file_io.cc(134)] WriteFile: There is not enough space on the disk. (0x70)
[0616/183627.555:ERROR:crash_report_exception_handler.cc(111)] WriteEverything failed
[0616/183627.862:ERROR:filesystem_win.cc(148)] DeleteFile C:\Users\derek\AppData\Local\Temp\scoped_dir21920_9584\Crashpad\reports\92cec845-6d22-4c74-8d1a-0500d8126f56.dmp: The process cannot access the file because it is being used by another process. (0x20)
[0616/183627.811:ERROR:file_io.cc(134)] WriteFile: There is not enough space on the disk. (0x70)
[0616/183627.963:ERROR:crash_report_exception_handler.cc(111)] WriteEverything failed
[0616/183627.962:ERROR:file_io.cc(134)] WriteFile: There is not enough space on the disk. (0x70)
[0616/183627.973:ERROR:crash_report_exception_handler.cc(111)] WriteEverything failed
[0616/183628.050:ERROR:filesystem_win.cc(148)] DeleteFile C:\Users\derek\AppData\Local\Temp\scoped_dir26072_20584\Crashpad\reports\49de0840-461a-483d-a86a-324e84a8b864.dmp: The process cannot access the file because it is being used by another process. (0x20)
[0616/183628.099:ERROR:filesystem_win.cc(148)] DeleteFile C:\Users\derek\AppData\Local\Temp\scoped_dir27712_6237\Crashpad\reports\a1b84919-3e92-41a8-bf84-110194fccf23.dmp: The process cannot access the file because it is being used by another process. (0x20)
[0616/184631.761:ERROR:process_info.cc(359)] UncheckedAllocate
[0616/184631.834:ERROR:file_io.cc(134)] WriteFile: There is not enough space on the disk. (0x70)
[0616/184631.835:ERROR:crash_report_exception_handler.cc(111)] WriteEverything failed
[0616/184631.882:ERROR:filesystem_win.cc(148)] DeleteFile C:\Users\derek\AppData\Local\Temp\scoped_dir22988_14417\Crashpad\reports\03dcaaed-d2d6-4114-af41-71afb4bb1f77.dmp: The process cannot access the file because it is being used by another process. (0x20)
[0616/184651.738:ERROR:process_info.cc(359)] UncheckedAllocate
[0616/184651.818:ERROR:file_io.cc(134)] WriteFile: There is not enough space on the disk. (0x70)
[0616/184651.821:ERROR:crash_report_exception_handler.cc(111)] WriteEverything failed
[0616/184652.163:ERROR:filesystem_win.cc(148)] DeleteFile C:\Users\derek\AppData\Local\Temp\scoped_dir27932_23842\Crashpad\reports\a16508a5-c456-4f58-b00f-ace7a83dd340.dmp: The process cannot access the file because it is being used by another process. (0x20)
[0616/184652.164:ERROR:file_io.cc(134)] WriteFile: There is not enough space on the disk. (0x70)
[0616/184652.447:ERROR:crash_report_exception_handler.cc(111)] WriteEverything failed
[0616/184652.739:ERROR:filesystem_win.cc(148)] DeleteFile C:\Users\derek\AppData\Local\Temp\scoped_dir37768_1092\Crashpad\reports\90ba8309-7a4d-4b88-a6e8-0b51b3082c62.dmp: The process cannot access the file because it is being used by another process. (0x20)
[0616/184652.956:ERROR:filesystem_win.cc(148)] DeleteFile C:\Users\derek\AppData\Local\Temp\scoped_dir38684_25775\Crashpad\reports\d6b456a9-ba68-4927-a575-1d192be841be.dmp: The process cannot access the file because it is being used by another process. (0x20)
[0627/212101.975:ERROR:process_reader_win.cc(151)] SuspendThread: Access is denied. (0x5)
[0627/212101.977:ERROR:exception_snapshot_win.cc(98)] thread ID 29784 not found in process
